TN:
SF:index.js
FN:2,solucaoSegundoGrau
FN:53,solucaoPrimeiroGrau
FNF:2
FNH:2
FNDA:5,solucaoSegundoGrau
FNDA:5,solucaoPrimeiroGrau
DA:1,1
DA:2,5
DA:3,5
DA:4,5
DA:5,5
DA:6,5
DA:7,5
DA:8,5
DA:9,5
DA:10,5
DA:11,5
DA:12,5
DA:13,5
DA:14,4
DA:15,4
DA:16,4
DA:17,4
DA:18,4
DA:19,4
DA:20,0
DA:21,0
DA:22,0
DA:23,4
DA:24,1
DA:25,1
DA:26,1
DA:27,1
DA:28,1
DA:29,1
DA:30,1
DA:31,4
DA:32,3
DA:33,3
DA:34,3
DA:35,3
DA:36,3
DA:37,3
DA:38,3
DA:39,3
DA:40,3
DA:41,4
DA:42,5
DA:43,1
DA:44,1
DA:45,1
DA:46,5
DA:47,5
DA:48,1
DA:49,1
DA:50,1
DA:51,1
DA:52,1
DA:53,5
DA:54,5
DA:55,5
DA:56,5
DA:57,5
DA:58,5
DA:59,5
DA:60,5
DA:61,5
DA:62,5
DA:63,5
DA:64,5
DA:65,4
DA:66,4
DA:67,4
DA:68,4
DA:69,4
DA:70,4
DA:71,4
DA:72,4
DA:73,4
DA:74,4
DA:75,5
DA:76,1
DA:77,1
DA:78,1
DA:79,5
DA:80,1
DA:81,1
LF:81
LH:78
BRDA:2,0,0,5
BRDA:13,1,0,4
BRDA:13,2,0,4
BRDA:19,3,0,0
BRDA:23,4,0,1
BRDA:31,5,0,3
BRDA:42,6,0,1
BRDA:53,7,0,5
BRDA:64,8,0,4
BRDA:64,9,0,4
BRDA:75,10,0,1
BRF:11
BRH:10
end_of_record
